TN:
SF:sum.ts
FN:1,sum
FNF:1
FNH:1
FNDA:1,sum
DA:1,1
DA:2,1
DA:3,1
LF:3
LH:3
BRDA:1,0,0,1
BRF:1
BRH:1
end_of_record
TN:
SF:src/components/OrderCard/OrderCard.tsx
FN:14,OrderCard
FN:17,handleQuantityChange
FN:39,onClick
FNF:3
FNH:3
FNDA:3,OrderCard
FNDA:1,handleQuantityChange
FNDA:1,onClick
DA:1,1
DA:2,1
DA:3,1
DA:4,1
DA:5,1
DA:6,1
DA:7,1
DA:8,1
DA:9,1
DA:10,1
DA:11,1
DA:12,1
DA:13,1
DA:14,3
DA:15,3
DA:16,3
DA:17,3
DA:18,1
DA:19,1
DA:20,3
DA:21,3
DA:22,3
DA:23,3
DA:24,3
DA:25,3
DA:26,3
DA:27,3
DA:28,3
DA:29,3
DA:30,3
DA:31,3
DA:32,3
DA:33,3
DA:34,3
DA:35,3
DA:36,3
DA:37,3
DA:38,3
DA:39,3
DA:40,3
DA:41,3
DA:42,3
DA:43,3
DA:44,3
DA:45,3
DA:46,3
LF:46
LH:46
BRDA:14,0,0,3
BRDA:17,1,0,1
BRDA:39,2,0,1
BRF:3
BRH:3
end_of_record
TN:
SF:src/features/ordersSlice.ts
FN:20,addToOrder
FN:28,removeFromOrder
FN:31,updateOrderQuantity
FN:37,clearOrder
FNF:4
FNH:4
FNDA:1,addToOrder
FNDA:1,removeFromOrder
FNDA:2,updateOrderQuantity
FNDA:1,clearOrder
DA:1,1
DA:2,1
DA:3,1
DA:4,1
DA:5,1
DA:6,1
DA:7,1
DA:8,1
DA:9,1
DA:10,1
DA:11,1
DA:12,1
DA:13,1
DA:14,1
DA:15,1
DA:16,1
DA:17,1
DA:18,1
DA:19,1
DA:20,1
DA:21,1
DA:22,1
DA:23,0
DA:24,1
DA:25,1
DA:26,1
DA:27,1
DA:28,1
DA:29,1
DA:30,1
DA:31,1
DA:32,2
DA:33,2
DA:34,1
DA:35,1
DA:36,1
DA:37,1
DA:38,1
DA:39,1
DA:40,1
DA:41,1
DA:42,1
DA:43,1
DA:44,1
LF:44
LH:43
BRDA:20,0,0,1
BRDA:22,1,0,0
BRDA:28,2,0,1
BRDA:29,3,0,1
BRDA:31,4,0,2
BRDA:33,5,0,1
BRDA:32,6,0,1
BRDA:37,7,0,1
BRF:8
BRH:7
end_of_record
